<?xml version="1.0" encoding="UTF-8"?>
<!-- Generated by org.testng.reporters.JUnitXMLReporter -->
<testsuite hostname="BBIRADAR-LT" name="Test-class test" tests="5" failures="1" timestamp="7 Feb 2017 12:00:43 GMT" time="62.544" errors="0">
  <testcase name="login" time="2.412" classname="customerChange.ChangeUsecase"/>
  <testcase name="browser" time="16.349" classname="customerCreation.CreateUsecase"/>
  <testcase name="login" time="0.456" classname="customerCreation.CreateUsecase"/>
  <testcase name="customerCreation" time="24.893" classname="customerCreation.CreateUsecase"/>
  <testcase name="customerChange" time="60.028" classname="customerChange.ChangeUsecase">
    <failure type="org.openqa.selenium.TimeoutException" message="Timed out after 20 seconds waiting for element to be clickable: By.xpath: html/body/div[1]/table/tbody/tr/td/div/div/div[2]/div/form/div[3]/div[2]/button
Build info: version: &amp;apos;2.44.0&amp;apos;, revision: &amp;apos;76d78cf&amp;apos;, time: &amp;apos;2014-10-23 20:03:00&amp;apos;
System info: host: &amp;apos;BBIRADAR-LT&amp;apos;, ip: &amp;apos;10.0.1.105&amp;apos;, os.name: &amp;apos;Windows 8.1&amp;apos;, os.arch: &amp;apos;amd64&amp;apos;, os.version: &amp;apos;6.3&amp;apos;, java.version: &amp;apos;1.8.0_111&amp;apos;
Driver info: org.openqa.selenium.firefox.FirefoxDriver
Capabilities [{applicationCacheEnabled=true, rotatable=false, handlesAlerts=true, databaseEnabled=true, version=35.0.1, platform=WINDOWS, nativeEvents=false, acceptSslCerts=true, webStorageEnabled=true, locationContextEnabled=true, browserName=firefox, takesScreenshot=true, javascriptEnabled=true, cssSelectorsEnabled=true}]
Session ID: 0b6edaa1-f044-44ac-bc13-fd9e26d1c898">
      <![CDATA[org.openqa.selenium.TimeoutException: Timed out after 20 seconds waiting for element to be clickable: By.xpath: html/body/div[1]/table/tbody/tr/td/div/div/div[2]/div/form/div[3]/div[2]/button
Build info: version: '2.44.0', revision: '76d78cf', time: '2014-10-23 20:03:00'
System info: host: 'BBIRADAR-LT', ip: '10.0.1.105', os.name: 'Windows 8.1', os.arch: 'amd64', os.version: '6.3', java.version: '1.8.0_111'
Driver info: org.openqa.selenium.firefox.FirefoxDriver
Capabilities [{applicationCacheEnabled=true, rotatable=false, handlesAlerts=true, databaseEnabled=true, version=35.0.1, platform=WINDOWS, nativeEvents=false, acceptSslCerts=true, webStorageEnabled=true, locationContextEnabled=true, browserName=firefox, takesScreenshot=true, javascriptEnabled=true, cssSelectorsEnabled=true}]
Session ID: 0b6edaa1-f044-44ac-bc13-fd9e26d1c898
	at org.openqa.selenium.support.ui.WebDriverWait.timeoutException(WebDriverWait.java:79)
	at org.openqa.selenium.support.ui.FluentWait.until(FluentWait.java:228)
	at UtilPackage.ParserUtils.expWait(ParserUtils.java:66)
	at customerChange.ChangeUsecase.customerChange(ChangeUsecase.java:52)
	at java.util.concurrent.ThreadPoolExecutor.runWorker(Unknown Source)
	at java.util.concurrent.ThreadPoolExecutor$Worker.run(Unknown Source)
	at java.lang.Thread.run(Unknown Source)
... Removed 10 stack frames]]>
    </failure>
  </testcase> <!-- customerChange -->
</testsuite> <!-- Test-class test -->
