<?xml version="1.0" encoding="UTF-8"?>
<!-- Generated by org.testng.reporters.JUnitReportReporter -->
<testsuite hostname="BBIRADAR-LT" name="customerCreation.CreateUsecase" tests="3" failures="0" timestamp="7 Feb 2017 12:00:43 GMT" time="41.698" errors="0">
  <testcase name="browser" time="16.349" classname="customerCreation.CreateUsecase"/>
  <testcase name="login" time="0.456" classname="customerCreation.CreateUsecase"/>
  <testcase name="customerCreation" time="24.893" classname="customerCreation.CreateUsecase"/>
</testsuite> <!-- customerCreation.CreateUsecase -->
