<?xml version="1.0" encoding="UTF-8"?>
<!-- Generated by org.testng.reporters.JUnitReportReporter -->
<testsuite hostname="BBIRADAR-LT" name="NewTest" tests="1" failures="0" timestamp="27 Jan 2017 12:22:52 GMT" time="30.177" errors="0">
  <testcase name="main" time="30.177" classname="NewTest"/>
</testsuite> <!-- NewTest -->
