<?xml version="1.0" encoding="UTF-8"?>
<!-- Generated by org.testng.reporters.JUnitReportReporter -->
<testsuite hostname="Biradar-LT" name="WebToolsModule.Monitoring" tests="2" failures="0" timestamp="4 Jan 2018 13:12:01 GMT" time="7.402" errors="0">
  <testcase name="login" time="4.033" classname="WebToolsModule.Monitoring"/>
  <testcase name="sqlQueryOverview" time="3.369" classname="WebToolsModule.Monitoring"/>
</testsuite> <!-- WebToolsModule.Monitoring -->
