<?xml version="1.0" encoding="UTF-8"?>
<!-- Generated by org.testng.reporters.JUnitReportReporter -->
<testsuite hostname="BBIRADAR-LT" name="eSAPackage.NewTest" tests="1" failures="0" timestamp="27 Jan 2017 17:14:16 GMT" time="17.187" errors="0">
  <testcase name="customerCreation" time="17.187" classname="eSAPackage.NewTest"/>
</testsuite> <!-- eSAPackage.NewTest -->
