<?xml version="1.0" encoding="UTF-8"?>
<!-- Generated by org.testng.reporters.JUnitReportReporter -->
<testsuite hostname="BBIRADAR-LT" name="com.suitepackage.Suite" tests="1" failures="0" timestamp="1 Feb 2017 10:01:45 GMT" time="6.215" errors="0">
  <testcase name="suite" time="6.215" classname="com.suitepackage.Suite"/>
</testsuite> <!-- com.suitepackage.Suite -->
