<?xml version="1.0" encoding="UTF-8"?>
<!-- Generated by org.testng.reporters.JUnitReportReporter -->
<testsuite hostname="BBIRADAR-LT" name="FirstExecuater.LoginApplication" tests="1" failures="0" timestamp="30 Jan 2017 06:49:31 GMT" time="8.479" errors="0">
  <testcase name="login" time="8.479" classname="FirstExecuater.LoginApplication"/>
</testsuite> <!-- FirstExecuater.LoginApplication -->
