<?xml version="1.0" encoding="UTF-8"?>
<!-- Generated by org.testng.reporters.JUnitReportReporter -->
<testsuite hostname="BBIRADAR-LT" name="customerCreation.NewTest" tests="1" failures="0" timestamp="27 Jan 2017 18:01:21 GMT" time="12.374" errors="0">
  <testcase name="browser" time="12.374" classname="customerCreation.NewTest"/>
</testsuite> <!-- customerCreation.NewTest -->
