<?xml version="1.0" encoding="UTF-8"?>
<!-- Generated by org.testng.reporters.JUnitReportReporter -->
<testsuite hostname="Biradar-LT" name="scenario_Component.Generic_steps" tests="1" failures="0" timestamp="2 Jan 2018 11:14:41 GMT" time="4.278" errors="0">
  <testcase name="login" time="4.278" classname="scenario_Component.Generic_steps"/>
</testsuite> <!-- scenario_Component.Generic_steps -->
