<?xml version="1.0" encoding="UTF-8"?>
<!-- Generated by org.testng.reporters.JUnitReportReporter -->
<testsuite hostname="BBIRADAR-LT" name="customerCreation.LoginApplication" tests="1" failures="0" timestamp="30 Jan 2017 08:07:27 GMT" time="11.516" errors="0">
  <testcase name="login" time="11.516" classname="customerCreation.LoginApplication"/>
</testsuite> <!-- customerCreation.LoginApplication -->
