<?xml version="1.0" encoding="UTF-8"?>
<!-- Generated by org.testng.reporters.JUnitReportReporter -->
<testsuite hostname="BBIRADAR-LT" name="eSAPackage.Login_eSA" tests="1" failures="0" timestamp="27 Jan 2017 17:14:16 GMT" time="16.501" errors="0">
  <testcase name="login" time="16.501" classname="eSAPackage.Login_eSA"/>
</testsuite> <!-- eSAPackage.Login_eSA -->
